<?xml version="1.0" encoding="UTF-8"?>
<testsuite name="com.revolut.interview.SolutionSpec" tests="3" skipped="0" failures="0" errors="0" timestamp="2020-04-18T21:20:39" hostname="macs-MBP.home" time="0.048">
  <properties/>
  <testcase name="when there is no collision" classname="com.revolut.interview.SolutionSpec" time="0.027"/>
  <testcase name="test map returns null when values does not exist" classname="com.revolut.interview.SolutionSpec" time="0.004"/>
  <testcase name="when collision occurs" classname="com.revolut.interview.SolutionSpec" time="0.01"/>
  <system-out><![CDATA[Gilbertee
]]></system-out>
  <system-err><![CDATA[Apr 18, 2020 11:20:38 PM org.codehaus.groovy.runtime.callsite.PojoMetaMethodSite$PojoCachedMethodSiteNoUnwrap invoke
INFO: Configuring com.athaydes.spockframework.report.SpockReportExtension
Apr 18, 2020 11:20:39 PM org.codehaus.groovy.runtime.callsite.PojoMetaMethodSite$PojoCachedMethodSiteNoUnwrap invoke
INFO: SpockReports config loaded: [com.athaydes.spockframework.report.template.TemplateReportCreator.reportFileExtension:md, com.athaydes.spockframework.report.template.TemplateReportCreator.specTemplateFile:/templateReportCreator/spec-template.md, com.athaydes.spockframework.report.IReportCreator:com.athaydes.spockframework.report.internal.HtmlReportCreator, com.athaydes.spockframework.report.template.TemplateReportCreator.summaryTemplateFile:/templateReportCreator/summary-template.md, com.athaydes.spockframework.report.internal.HtmlReportCreator.summaryReportCss:spock-summary-report.css, com.athaydes.spockframework.report.template.TemplateReportCreator.summaryFileName:summary.md, com.athaydes.spockframework.report.internal.HtmlReportCreator.featureReportCss:spock-feature-report.css, com.athaydes.spockframework.report.hideEmptyBlocks:false, com.athaydes.spockframework.report.outputDir:build/spock-reports]
Apr 18, 2020 11:20:39 PM org.codehaus.groovy.runtime.callsite.PojoMetaMethodSite$PojoCachedMethodSiteNoUnwrap invoke
INFO: Loading settings for reportCreator of type com.athaydes.spockframework.report.internal.HtmlReportCreator
]]></system-err>
</testsuite>
